This is pdfTeX, Version 3.14159265-2.6-1.40.16 (TeX Live 2015) (preloaded format=pdflatex 2016.1.14)  18 DEC 2018 01:04
entering extended mode
 restricted \write18 enabled.
 %&-line parsing enabled.
**paperSQJ.tex
(./paperSQJ.tex
LaTeX2e <2015/01/01>
Babel <3.9l> and hyphenation patterns for 79 languages loaded.
(./svjour3.cls
Document Class: svjour3 2007/05/08 v3.2 
LaTeX document class for Springer journals
Class Springer-SVJour3 Info: extra/valid Springer sub-package (-> *.clo) 
(Springer-SVJour3)           not found in option list of \documentclass
(Springer-SVJour3)           - autoactivating "global" style.
(./svglov3.clo
File: svglov3.clo 2009/12/18 v3.2 style option for standardised journals

SVJour Class option: svglov3.clo for standardised journals
)
LaTeX Font Info:    Redeclaring math symbol \Gamma on input line 147.
LaTeX Font Info:    Redeclaring math symbol \Delta on input line 148.
LaTeX Font Info:    Redeclaring math symbol \Theta on input line 149.
LaTeX Font Info:    Redeclaring math symbol \Lambda on input line 150.
LaTeX Font Info:    Redeclaring math symbol \Xi on input line 151.
LaTeX Font Info:    Redeclaring math symbol \Pi on input line 152.
LaTeX Font Info:    Redeclaring math symbol \Sigma on input line 153.
LaTeX Font Info:    Redeclaring math symbol \Upsilon on input line 154.
LaTeX Font Info:    Redeclaring math symbol \Phi on input line 155.
LaTeX Font Info:    Redeclaring math symbol \Psi on input line 156.
LaTeX Font Info:    Redeclaring math symbol \Omega on input line 157.
\logodepth=\dimen102
\headerboxheight=\dimen103
\betweenumberspace=\dimen104
\aftertext=\dimen105
\headlineindent=\dimen106
\c@inst=\count79
\c@auth=\count80
\instindent=\dimen107
\authrun=\box26
\authorrunning=\toks14
\titrun=\box27
\titlerunning=\toks15
\combirun=\box28
\c@lastpage=\count81
\rubricwidth=\dimen108
\c@section=\count82
\c@subsection=\count83
\c@subsubsection=\count84
\c@paragraph=\count85
\c@subparagraph=\count86
\spthmsep=\dimen109
\c@theorem=\count87
\c@case=\count88
\c@conjecture=\count89
\c@corollary=\count90
\c@definition=\count91
\c@example=\count92
\c@exercise=\count93
\c@lemma=\count94
\c@note=\count95
\c@problem=\count96
\c@property=\count97
\c@proposition=\count98
\c@question=\count99
\c@solution=\count100
\c@remark=\count101
\c@figure=\count102
\c@table=\count103
\abovecaptionskip=\skip41
\belowcaptionskip=\skip42
\figcapgap=\dimen110
\tabcapgap=\dimen111
\figgap=\dimen112
\bibindent=\dimen113
\@tempcntc=\count104
) (/usr/local/texlive/2015/texmf-dist/tex/generic/babel/babel.sty
Package: babel 2014/09/25 3.9l The Babel package

(/usr/local/texlive/2015/texmf-dist/tex/generic/babel-english/english.ldf
Language: english 2012/08/20 v3.3p English support from the babel system

(/usr/local/texlive/2015/texmf-dist/tex/generic/babel/babel.def
File: babel.def 2014/09/25 3.9l Babel common definitions
\babel@savecnt=\count105
\U@D=\dimen114
)
\l@canadian = a dialect from \language\l@american 
\l@australian = a dialect from \language\l@british 
\l@newzealand = a dialect from \language\l@british 
))
(/usr/local/texlive/2015/texmf-dist/tex/latex/graphics/color.sty
Package: color 2014/10/28 v1.1a Standard LaTeX Color (DPC)

(/usr/local/texlive/2015/texmf-dist/tex/latex/latexconfig/color.cfg
File: color.cfg 2007/01/18 v1.5 color configuration of teTeX/TeXLive
)
Package color Info: Driver file: pdftex.def on input line 142.

(/usr/local/texlive/2015/texmf-dist/tex/latex/pdftex-def/pdftex.def
File: pdftex.def 2011/05/27 v0.06d Graphics/color for pdfTeX

(/usr/local/texlive/2015/texmf-dist/tex/generic/oberdiek/infwarerr.sty
Package: infwarerr 2010/04/08 v1.3 Providing info/warning/error messages (HO)
)
(/usr/local/texlive/2015/texmf-dist/tex/generic/oberdiek/ltxcmds.sty
Package: ltxcmds 2011/11/09 v1.22 LaTeX kernel commands for general use (HO)
)
\Gread@gobject=\count106
))
(/usr/local/texlive/2015/texmf-dist/tex/latex/colortbl/colortbl.sty
Package: colortbl 2012/02/13 v1.0a Color table columns (DPC)

(/usr/local/texlive/2015/texmf-dist/tex/latex/tools/array.sty
Package: array 2014/10/28 v2.4c Tabular extension package (FMi)
\col@sep=\dimen115
\extrarowheight=\dimen116
\NC@list=\toks16
\extratabsurround=\skip43
\backup@length=\skip44
)
\everycr=\toks17
\minrowclearance=\skip45
)
(/usr/local/texlive/2015/texmf-dist/tex/latex/comment/comment.sty
\CommentStream=\write3

Excluding comment 'comment')
(/usr/local/texlive/2015/texmf-dist/tex/latex/graphics/epsfig.sty
Package: epsfig 1999/02/16 v1.7a (e)psfig emulation (SPQR)

(/usr/local/texlive/2015/texmf-dist/tex/latex/graphics/graphicx.sty
Package: graphicx 2014/10/28 v1.0g Enhanced LaTeX Graphics (DPC,SPQR)

(/usr/local/texlive/2015/texmf-dist/tex/latex/graphics/keyval.sty
Package: keyval 2014/10/28 v1.15 key=value parser (DPC)
\KV@toks@=\toks18
)
(/usr/local/texlive/2015/texmf-dist/tex/latex/graphics/graphics.sty
Package: graphics 2014/10/28 v1.0p Standard LaTeX Graphics (DPC,SPQR)

(/usr/local/texlive/2015/texmf-dist/tex/latex/graphics/trig.sty
Package: trig 1999/03/16 v1.09 sin cos tan (DPC)
)
(/usr/local/texlive/2015/texmf-dist/tex/latex/latexconfig/graphics.cfg
File: graphics.cfg 2010/04/23 v1.9 graphics configuration of TeX Live
)
Package graphics Info: Driver file: pdftex.def on input line 94.
)
\Gin@req@height=\dimen117
\Gin@req@width=\dimen118
)
\epsfxsize=\dimen119
\epsfysize=\dimen120
)
(/usr/local/texlive/2015/texmf-dist/tex/latex/listings/listings.sty
\lst@mode=\count107
\lst@gtempboxa=\box29
\lst@token=\toks19
\lst@length=\count108
\lst@currlwidth=\dimen121
\lst@column=\count109
\lst@pos=\count110
\lst@lostspace=\dimen122
\lst@width=\dimen123
\lst@newlines=\count111
\lst@lineno=\count112
\lst@maxwidth=\dimen124

(/usr/local/texlive/2015/texmf-dist/tex/latex/listings/lstmisc.sty
File: lstmisc.sty 2014/09/06 1.5e (Carsten Heinz)
\c@lstnumber=\count113
\lst@skipnumbers=\count114
\lst@framebox=\box30
)
(/usr/local/texlive/2015/texmf-dist/tex/latex/listings/listings.cfg
File: listings.cfg 2014/09/06 1.5e listings configuration
))
Package: listings 2014/09/06 1.5e (Carsten Heinz)

(/usr/local/texlive/2015/texmf-dist/tex/latex/oberdiek/epstopdf.sty
Package: epstopdf 2010/02/09 v2.5 Conversion with epstopdf on the fly (HO)

(/usr/local/texlive/2015/texmf-dist/tex/latex/oberdiek/epstopdf-base.sty
Package: epstopdf-base 2010/02/09 v2.5 Base part for package epstopdf

(/usr/local/texlive/2015/texmf-dist/tex/latex/oberdiek/grfext.sty
Package: grfext 2010/08/19 v1.1 Manage graphics extensions (HO)

(/usr/local/texlive/2015/texmf-dist/tex/generic/oberdiek/kvdefinekeys.sty
Package: kvdefinekeys 2011/04/07 v1.3 Define keys (HO)
))
(/usr/local/texlive/2015/texmf-dist/tex/latex/oberdiek/kvoptions.sty
Package: kvoptions 2011/06/30 v3.11 Key value format for package options (HO)

(/usr/local/texlive/2015/texmf-dist/tex/generic/oberdiek/kvsetkeys.sty
Package: kvsetkeys 2012/04/25 v1.16 Key value parser (HO)

(/usr/local/texlive/2015/texmf-dist/tex/generic/oberdiek/etexcmds.sty
Package: etexcmds 2011/02/16 v1.5 Avoid name clashes with e-TeX commands (HO)

(/usr/local/texlive/2015/texmf-dist/tex/generic/oberdiek/ifluatex.sty
Package: ifluatex 2010/03/01 v1.3 Provides the ifluatex switch (HO)
Package ifluatex Info: LuaTeX not detected.
)
Package etexcmds Info: Could not find \expanded.
(etexcmds)             That can mean that you are not using pdfTeX 1.50 or
(etexcmds)             that some package has redefined \expanded.
(etexcmds)             In the latter case, load this package earlier.
)))
(/usr/local/texlive/2015/texmf-dist/tex/generic/oberdiek/pdftexcmds.sty
Package: pdftexcmds 2011/11/29 v0.20 Utility functions of pdfTeX for LuaTeX (HO
)

(/usr/local/texlive/2015/texmf-dist/tex/generic/oberdiek/ifpdf.sty
Package: ifpdf 2011/01/30 v2.3 Provides the ifpdf switch (HO)
Package ifpdf Info: pdfTeX in PDF mode is detected.
)
Package pdftexcmds Info: LuaTeX not detected.
Package pdftexcmds Info: \pdf@primitive is available.
Package pdftexcmds Info: \pdf@ifprimitive is available.
Package pdftexcmds Info: \pdfdraftmode found.
)
Package grfext Info: Graphics extension search list:
(grfext)             [.png,.pdf,.jpg,.mps,.jpeg,.jbig2,.jb2,.PNG,.PDF,.JPG,.JPE
G,.JBIG2,.JB2,.eps]
(grfext)             \AppendGraphicsExtensions on input line 452.

(/usr/local/texlive/2015/texmf-dist/tex/latex/latexconfig/epstopdf-sys.cfg
File: epstopdf-sys.cfg 2010/07/13 v1.3 Configuration of (r)epstopdf for TeX Liv
e
)))
(/usr/local/texlive/2015/texmf-dist/tex/latex/multirow/multirow.sty
\bigstrutjot=\dimen125
)
(/usr/local/texlive/2015/texmf-dist/tex/latex/rotating/rotating.sty
Package: rotating 2009/03/28 v2.16a rotated objects in LaTeX

(/usr/local/texlive/2015/texmf-dist/tex/latex/base/ifthen.sty
Package: ifthen 2014/09/29 v1.1c Standard LaTeX ifthen package (DPC)
)
\c@r@tfl@t=\count115
\rotFPtop=\skip46
\rotFPbot=\skip47
\rot@float@box=\box31
\rot@mess@toks=\toks20
)
(/usr/local/texlive/2015/texmf-dist/tex/latex/subfigure/subfigure.sty
Package: subfigure 2002/03/15 v2.1.5 subfigure package
\subfigtopskip=\skip48
\subfigcapskip=\skip49
\subfigcaptopadj=\dimen126
\subfigbottomskip=\skip50
\subfigcapmargin=\dimen127
\subfiglabelskip=\skip51
\c@subfigure=\count116
\c@lofdepth=\count117
\c@subtable=\count118
\c@lotdepth=\count119

****************************************
* Local config file subfigure.cfg used *
****************************************
(/usr/local/texlive/2015/texmf-dist/tex/latex/subfigure/subfigure.cfg)
\subfig@top=\skip52
\subfig@bottom=\skip53
)
(/usr/local/texlive/2015/texmf-dist/tex/latex/subfig/subfig.sty
Package: subfig 2005/06/28 ver: 1.3 subfig package

(/usr/local/texlive/2015/texmf-dist/tex/latex/caption/caption.sty
Package: caption 2013/05/02 v3.3-89 Customizing captions (AR)

(/usr/local/texlive/2015/texmf-dist/tex/latex/caption/caption3.sty
Package: caption3 2013/05/02 v1.6-88 caption3 kernel (AR)
Package caption3 Info: TeX engine: e-TeX on input line 57.
\captionmargin=\dimen128
\captionmargin@=\dimen129
\captionwidth=\dimen130
\caption@tempdima=\dimen131
\caption@indent=\dimen132
\caption@parindent=\dimen133
\caption@hangindent=\dimen134
Package caption Info: Unknown document class (or package),
(caption)             standard defaults will be used.
)

Package caption Warning: Unsupported document class (or package) detected,
(caption)                usage of the caption package is not recommended.
See the caption package documentation for explanation.

Package caption Info: \@makecaption = \long macro:#1#2->\captionstyle \ifx \@ca
ptype \fig@type \vskip \figcapgap \fi \setbox \@tempboxa \hbox {{\floatlegendst
yle #1\floatcounterend }\capstrut #2}\ifdim \wd \@tempboxa >\hsize {\floatlegen
dstyle #1\floatcounterend }\capstrut #2\par \else \hbox to\hsize {\leftlegendgl
ue \unhbox \@tempboxa \hfil }\fi \ifx \@captype \fig@type \else \vskip \tabcapg
ap \fi .
\c@ContinuedFloat=\count120
Package caption Info: listings package is loaded.
Package caption Info: rotating package is loaded.
Package caption Info: subfigure package is loaded.
)
\c@KVtest=\count121
\sf@farskip=\skip54
\sf@captopadj=\dimen135
\sf@capskip=\skip55
\sf@nearskip=\skip56
\sf@top=\skip57
\sf@bottom=\skip58
) (/usr/local/texlive/2015/texmf-dist/tex/latex/float/float.sty
Package: float 2001/11/08 v1.3d Float enhancements (AL)
\c@float@type=\count122
\float@exts=\toks21
\float@box=\box32
\@float@everytoks=\toks22
\@floatcapt=\box33
)
(/usr/local/texlive/2015/texmf-dist/tex/latex/preprint/balance.sty
Package: balance 1999/02/23 4.3 (PWD)
\oldvsize=\dimen136
)
(/usr/local/texlive/2015/texmf-dist/tex/latex/fancybox/fancybox.sty
Package: fancybox 2010/05/15 1.4

Style option: `fancybox' v1.4 <2010/05/15> (tvz)
\@fancybox=\box34
\shadowsize=\dimen137
\@Sbox=\box35
\do@VerbBox=\toks23
\the@fancyput=\toks24
\this@fancyput=\toks25
\EndVerbatimTokens=\toks26
\Verbatim@Outfile=\write4
\Verbatim@Infile=\read1
) (/usr/local/texlive/2015/texmf-dist/tex/latex/carlisle/scalefnt.sty)
(/usr/local/texlive/2015/texmf-dist/tex/generic/ulem/ulem.sty
\UL@box=\box36
\UL@hyphenbox=\box37
\UL@skip=\skip59
\UL@hook=\toks27
\UL@height=\dimen138
\UL@pe=\count123
\UL@pixel=\dimen139
\ULC@box=\box38
Package: ulem 2012/05/18
\ULdepth=\dimen140
)
(/usr/local/texlive/2015/texmf-dist/tex/latex/adjustbox/adjustbox.sty
Package: adjustbox 2012/05/21 v1.0 Adjusting TeX boxes (trim, clip, ...)

(/usr/local/texlive/2015/texmf-dist/tex/latex/xkeyval/xkeyval.sty
Package: xkeyval 2014/12/03 v2.7a package option processing (HA)

(/usr/local/texlive/2015/texmf-dist/tex/generic/xkeyval/xkeyval.tex
(/usr/local/texlive/2015/texmf-dist/tex/generic/xkeyval/xkvutils.tex
\XKV@toks=\toks28
\XKV@tempa@toks=\toks29
)
\XKV@depth=\count124
File: xkeyval.tex 2014/12/03 v2.7a key=value parser (HA)
))
(/usr/local/texlive/2015/texmf-dist/tex/latex/adjustbox/adjcalc.sty
Package: adjcalc 2012/05/16 v1.1 Provides advanced setlength with multiple back
-ends (calc, etex, pgfmath)
)
(/usr/local/texlive/2015/texmf-dist/tex/latex/adjustbox/trimclip.sty
Package: trimclip 2012/05/16 v1.0 Trim and clip general TeX material

(/usr/local/texlive/2015/texmf-dist/tex/latex/collectbox/collectbox.sty
Package: collectbox 2012/05/17 v0.4b Collect macro arguments as boxes
\collectedbox=\box39
)
\tc@llx=\dimen141
\tc@lly=\dimen142
\tc@urx=\dimen143
\tc@ury=\dimen144
Package trimclip Info: Using driver 'tc-pdftex.def'.

(/usr/local/texlive/2015/texmf-dist/tex/latex/adjustbox/tc-pdftex.def
File: tc-pdftex.def 2012/05/13 v1.0 Clipping driver for pdftex
))
\adjbox@Width=\dimen145
\adjbox@Height=\dimen146
\adjbox@Depth=\dimen147
\adjbox@Totalheight=\dimen148

(/usr/local/texlive/2015/texmf-dist/tex/latex/ifoddpage/ifoddpage.sty
Package: ifoddpage 2011/09/13 v1.0 Conditionals for odd/even page detection
\c@checkoddpage=\count125
)
(/usr/local/texlive/2015/texmf-dist/tex/latex/varwidth/varwidth.sty
Package: varwidth 2009/03/30 ver 0.92;  Variable-width minipages
\@vwid@box=\box40
\sift@deathcycles=\count126
\@vwid@loff=\dimen149
\@vwid@roff=\dimen150
))
(/usr/local/texlive/2015/texmf-dist/tex/latex/xcolor/xcolor.sty
Package: xcolor 2007/01/21 v2.11 LaTeX color extensions (UK)

(/usr/local/texlive/2015/texmf-dist/tex/latex/latexconfig/color.cfg
File: color.cfg 2007/01/18 v1.5 color configuration of teTeX/TeXLive
)
Package xcolor Info: Driver file: pdftex.def on input line 225.
LaTeX Info: Redefining \color on input line 702.
\rownum=\count127
Package xcolor Info: Model `cmy' substituted by `cmy0' on input line 1337.
Package xcolor Info: Model `hsb' substituted by `rgb' on input line 1341.
Package xcolor Info: Model `RGB' extended on input line 1353.
Package xcolor Info: Model `HTML' substituted by `rgb' on input line 1355.
Package xcolor Info: Model `Hsb' substituted by `hsb' on input line 1356.
Package xcolor Info: Model `tHsb' substituted by `hsb' on input line 1357.
Package xcolor Info: Model `HSB' substituted by `hsb' on input line 1358.
Package xcolor Info: Model `Gray' substituted by `gray' on input line 1359.
Package xcolor Info: Model `wave' substituted by `hsb' on input line 1360.
)
(/usr/local/texlive/2015/texmf-dist/tex/latex/blindtext/blindtext.sty
Package: blindtext 2012/01/06 V2.0 blindtext-Package

(/usr/local/texlive/2015/texmf-dist/tex/latex/tools/xspace.sty
Package: xspace 2014/10/28 v1.13 Space after command names (DPC,MH)
)
\c@blindtext=\count128
\c@Blindtext=\count129
\c@blind@countparstart=\count130
\blind@countxx=\count131
\blindtext@numBlindtext=\count132
\blind@countyy=\count133
\c@blindlist=\count134
\c@blindlistlevel=\count135
\c@blindlist@level=\count136
\blind@listitem=\count137
\c@blind@listcount=\count138
\c@blind@levelcount=\count139
\blind@mathformula=\count140
\blind@Mathformula=\count141
\c@blind@randomcount=\count142
\c@blind@randommax=\count143
\c@blind@pangramcount=\count144
\c@blind@pangrammax=\count145
)
(/usr/local/texlive/2015/texmf-dist/tex/latex/cite/cite.sty
LaTeX Info: Redefining \cite on input line 302.
LaTeX Info: Redefining \nocite on input line 332.
Package: cite 2015/02/27  v 5.5
)
(/usr/local/texlive/2015/texmf-dist/tex/latex/amsmath/amsmath.sty
Package: amsmath 2013/01/14 v2.14 AMS math features
\@mathmargin=\skip60

For additional information on amsmath, use the `?' option.
(/usr/local/texlive/2015/texmf-dist/tex/latex/amsmath/amstext.sty
Package: amstext 2000/06/29 v2.01

(/usr/local/texlive/2015/texmf-dist/tex/latex/amsmath/amsgen.sty
File: amsgen.sty 1999/11/30 v2.0
\@emptytoks=\toks30
\ex@=\dimen151
))
(/usr/local/texlive/2015/texmf-dist/tex/latex/amsmath/amsbsy.sty
Package: amsbsy 1999/11/29 v1.2d
\pmbraise@=\dimen152
)
(/usr/local/texlive/2015/texmf-dist/tex/latex/amsmath/amsopn.sty
Package: amsopn 1999/12/14 v2.01 operator names
)
\inf@bad=\count146
LaTeX Info: Redefining \frac on input line 210.
\uproot@=\count147
\leftroot@=\count148
LaTeX Info: Redefining \overline on input line 306.
\classnum@=\count149
\DOTSCASE@=\count150
LaTeX Info: Redefining \ldots on input line 378.
LaTeX Info: Redefining \dots on input line 381.
LaTeX Info: Redefining \cdots on input line 466.
\Mathstrutbox@=\box41
\strutbox@=\box42
\big@size=\dimen153
LaTeX Font Info:    Redeclaring font encoding OML on input line 566.
LaTeX Font Info:    Redeclaring font encoding OMS on input line 567.


Package amsmath Warning: Unable to redefine math accent \vec.

\macc@depth=\count151
\c@MaxMatrixCols=\count152
\dotsspace@=\muskip10
\c@parentequation=\count153
\dspbrk@lvl=\count154
\tag@help=\toks31
\row@=\count155
\column@=\count156
\maxfields@=\count157
\andhelp@=\toks32
\eqnshift@=\dimen154
\alignsep@=\dimen155
\tagshift@=\dimen156
\tagwidth@=\dimen157
\totwidth@=\dimen158
\lineht@=\dimen159
\@envbody=\toks33
\multlinegap=\skip61
\multlinetaggap=\skip62
\mathdisplay@stack=\toks34
LaTeX Info: Redefining \[ on input line 2665.
LaTeX Info: Redefining \] on input line 2666.
) (/usr/local/texlive/2015/texmf-dist/tex/latex/inconsolata/inconsolata.sty
Package: inconsolata 2014/06/22 v1.05

`inconsolata-zi4' v1.05, 2014/06/22 Text macros for Inconsolata (msharpe)
(/usr/local/texlive/2015/texmf-dist/tex/latex/base/textcomp.sty
Package: textcomp 2005/09/27 v1.99g Standard LaTeX package
Package textcomp Info: Sub-encoding information:
(textcomp)               5 = only ISO-Adobe without \textcurrency
(textcomp)               4 = 5 + \texteuro
(textcomp)               3 = 4 + \textohm
(textcomp)               2 = 3 + \textestimated + \textcurrency
(textcomp)               1 = TS1 - \textcircled - \t
(textcomp)               0 = TS1 (full)
(textcomp)             Font families with sub-encoding setting implement
(textcomp)             only a restricted character set as indicated.
(textcomp)             Family '?' is the default used for unknown fonts.
(textcomp)             See the documentation for details.
Package textcomp Info: Setting ? sub-encoding to TS1/1 on input line 79.

(/usr/local/texlive/2015/texmf-dist/tex/latex/base/ts1enc.def
File: ts1enc.def 2001/06/05 v3.0e (jk/car/fm) Standard LaTeX file
)
LaTeX Info: Redefining \oldstylenums on input line 334.
Package textcomp Info: Setting cmr sub-encoding to TS1/0 on input line 349.
Package textcomp Info: Setting cmss sub-encoding to TS1/0 on input line 350.
Package textcomp Info: Setting cmtt sub-encoding to TS1/0 on input line 351.
Package textcomp Info: Setting cmvtt sub-encoding to TS1/0 on input line 352.
Package textcomp Info: Setting cmbr sub-encoding to TS1/0 on input line 353.
Package textcomp Info: Setting cmtl sub-encoding to TS1/0 on input line 354.
Package textcomp Info: Setting ccr sub-encoding to TS1/0 on input line 355.
Package textcomp Info: Setting ptm sub-encoding to TS1/4 on input line 356.
Package textcomp Info: Setting pcr sub-encoding to TS1/4 on input line 357.
Package textcomp Info: Setting phv sub-encoding to TS1/4 on input line 358.
Package textcomp Info: Setting ppl sub-encoding to TS1/3 on input line 359.
Package textcomp Info: Setting pag sub-encoding to TS1/4 on input line 360.
Package textcomp Info: Setting pbk sub-encoding to TS1/4 on input line 361.
Package textcomp Info: Setting pnc sub-encoding to TS1/4 on input line 362.
Package textcomp Info: Setting pzc sub-encoding to TS1/4 on input line 363.
Package textcomp Info: Setting bch sub-encoding to TS1/4 on input line 364.
Package textcomp Info: Setting put sub-encoding to TS1/5 on input line 365.
Package textcomp Info: Setting uag sub-encoding to TS1/5 on input line 366.
Package textcomp Info: Setting ugq sub-encoding to TS1/5 on input line 367.
Package textcomp Info: Setting ul8 sub-encoding to TS1/4 on input line 368.
Package textcomp Info: Setting ul9 sub-encoding to TS1/4 on input line 369.
Package textcomp Info: Setting augie sub-encoding to TS1/5 on input line 370.
Package textcomp Info: Setting dayrom sub-encoding to TS1/3 on input line 371.
Package textcomp Info: Setting dayroms sub-encoding to TS1/3 on input line 372.

Package textcomp Info: Setting pxr sub-encoding to TS1/0 on input line 373.
Package textcomp Info: Setting pxss sub-encoding to TS1/0 on input line 374.
Package textcomp Info: Setting pxtt sub-encoding to TS1/0 on input line 375.
Package textcomp Info: Setting txr sub-encoding to TS1/0 on input line 376.
Package textcomp Info: Setting txss sub-encoding to TS1/0 on input line 377.
Package textcomp Info: Setting txtt sub-encoding to TS1/0 on input line 378.
Package textcomp Info: Setting lmr sub-encoding to TS1/0 on input line 379.
Package textcomp Info: Setting lmdh sub-encoding to TS1/0 on input line 380.
Package textcomp Info: Setting lmss sub-encoding to TS1/0 on input line 381.
Package textcomp Info: Setting lmssq sub-encoding to TS1/0 on input line 382.
Package textcomp Info: Setting lmvtt sub-encoding to TS1/0 on input line 383.
Package textcomp Info: Setting lmtt sub-encoding to TS1/0 on input line 384.
Package textcomp Info: Setting qhv sub-encoding to TS1/0 on input line 385.
Package textcomp Info: Setting qag sub-encoding to TS1/0 on input line 386.
Package textcomp Info: Setting qbk sub-encoding to TS1/0 on input line 387.
Package textcomp Info: Setting qcr sub-encoding to TS1/0 on input line 388.
Package textcomp Info: Setting qcs sub-encoding to TS1/0 on input line 389.
Package textcomp Info: Setting qpl sub-encoding to TS1/0 on input line 390.
Package textcomp Info: Setting qtm sub-encoding to TS1/0 on input line 391.
Package textcomp Info: Setting qzc sub-encoding to TS1/0 on input line 392.
Package textcomp Info: Setting qhvc sub-encoding to TS1/0 on input line 393.
Package textcomp Info: Setting futs sub-encoding to TS1/4 on input line 394.
Package textcomp Info: Setting futx sub-encoding to TS1/4 on input line 395.
Package textcomp Info: Setting futj sub-encoding to TS1/4 on input line 396.
Package textcomp Info: Setting hlh sub-encoding to TS1/3 on input line 397.
Package textcomp Info: Setting hls sub-encoding to TS1/3 on input line 398.
Package textcomp Info: Setting hlst sub-encoding to TS1/3 on input line 399.
Package textcomp Info: Setting hlct sub-encoding to TS1/5 on input line 400.
Package textcomp Info: Setting hlx sub-encoding to TS1/5 on input line 401.
Package textcomp Info: Setting hlce sub-encoding to TS1/5 on input line 402.
Package textcomp Info: Setting hlcn sub-encoding to TS1/5 on input line 403.
Package textcomp Info: Setting hlcw sub-encoding to TS1/5 on input line 404.
Package textcomp Info: Setting hlcf sub-encoding to TS1/5 on input line 405.
Package textcomp Info: Setting pplx sub-encoding to TS1/3 on input line 406.
Package textcomp Info: Setting pplj sub-encoding to TS1/3 on input line 407.
Package textcomp Info: Setting ptmx sub-encoding to TS1/4 on input line 408.
Package textcomp Info: Setting ptmj sub-encoding to TS1/4 on input line 409.
)
\zifour@ocount=\count158
)
(/usr/local/texlive/2015/texmf-dist/tex/latex/url/url.sty
\Urlmuskip=\muskip11
Package: url 2013/09/16  ver 3.4  Verb mode for urls, etc.
) (./paperSQJ.aux)
\openout1 = `paperSQJ.aux'.

LaTeX Font Info:    Checking defaults for OML/cmm/m/it on input line 158.
LaTeX Font Info:    ... okay on input line 158.
LaTeX Font Info:    Checking defaults for T1/cmr/m/n on input line 158.
LaTeX Font Info:    ... okay on input line 158.
LaTeX Font Info:    Checking defaults for OT1/cmr/m/n on input line 158.
LaTeX Font Info:    ... okay on input line 158.
LaTeX Font Info:    Checking defaults for OMS/cmsy/m/n on input line 158.
LaTeX Font Info:    ... okay on input line 158.
LaTeX Font Info:    Checking defaults for OMX/cmex/m/n on input line 158.
LaTeX Font Info:    ... okay on input line 158.
LaTeX Font Info:    Checking defaults for U/cmr/m/n on input line 158.
LaTeX Font Info:    ... okay on input line 158.
LaTeX Font Info:    Checking defaults for TS1/cmr/m/n on input line 158.
LaTeX Font Info:    Try loading font information for TS1+cmr on input line 158.


(/usr/local/texlive/2015/texmf-dist/tex/latex/base/ts1cmr.fd
File: ts1cmr.fd 2014/09/29 v2.5h Standard LaTeX font definitions
)
LaTeX Font Info:    ... okay on input line 158.

Unknown journal: specify \journalname{<name of your journal>} in preambel

(/usr/local/texlive/2015/texmf-dist/tex/context/base/supp-pdf.mkii
[Loading MPS to PDF converter (version 2006.09.02).]
\scratchcounter=\count159
\scratchdimen=\dimen160
\scratchbox=\box43
\nofMPsegments=\count160
\nofMParguments=\count161
\everyMPshowfont=\toks35
\MPscratchCnt=\count162
\MPscratchDim=\dimen161
\MPnumerator=\count163
\makeMPintoPDFobject=\count164
\everyMPtoPDFconversion=\toks36
)
\c@lstlisting=\count165
Package caption Info: Begin \AtBeginDocument code.
Package caption Info: subfig package v1.3 is loaded.
Package caption Info: float package is loaded.
Package caption Info: End \AtBeginDocument code.
 (/usr/local/texlive/2015/texmf-dist/tex/latex/upquote/upquote.sty
Package: upquote 2012/04/19 v1.3 upright-quote and grave-accent glyphs in verba
tim
)
SVJour3 warning: Missing \journalname

LaTeX Font Warning: Font shape `OT1/cmr/bx/n' in size <9.5> not available
(Font)              size <9> substituted on input line 188.


LaTeX Font Warning: Font shape `OT1/cmr/bx/n' in size <13> not available
(Font)              size <12> substituted on input line 188.

LaTeX Font Info:    Calculating math sizes for size <9.5> on input line 188.

LaTeX Font Warning: Font shape `OML/cmm/b/it' in size <9.5> not available
(Font)              size <9> substituted on input line 188.


LaTeX Font Warning: Font shape `OMS/cmsy/b/n' in size <9.5> not available
(Font)              size <9> substituted on input line 188.


LaTeX Font Warning: Font shape `OMX/cmex/m/n' in size <9.5> not available
(Font)              size <9> substituted on input line 188.


LaTeX Font Warning: Font shape `OML/cmm/m/it' in size <9.5> not available
(Font)              size <9> substituted on input line 188.


LaTeX Font Warning: Font shape `OMS/cmsy/m/n' in size <9.5> not available
(Font)              size <9> substituted on input line 188.


LaTeX Font Warning: Font shape `OT1/cmr/m/it' in size <9.5> not available
(Font)              size <9> substituted on input line 194.


Overfull \hbox (1.71887pt too wide) in paragraph at lines 194--205
[]\OT1/cmr/m/n/9.5 JavaScript is a pow-er-ful script-ing pro-gram-ming lan-guag
e that has gained
 []

[1{/usr/local/texlive/2015/texmf-var/fonts/map/pdftex/updmap/pdftex.map}]
[2] [3]
LaTeX Font Info:    Try loading font information for OT1+zi4 on input line 263.

 (/usr/local/texlive/2015/texmf-dist/tex/latex/inconsolata/ot1zi4.fd
File: ot1zi4.fd 2014/06/22 OT1/zi4 (Inconsolata)
)
Overfull \hbox (104.10226pt too wide) in paragraph at lines 280--305
[][]
 []


Overfull \hbox (104.09656pt too wide) in paragraph at lines 314--336
 [][] 
 []

[4] [5]
Overfull \hbox (5.3707pt too wide) in paragraph at lines 353--370
\OT1/cmr/bx/n/9 Moment[] \OT1/cmr/m/n/9.5 al-lows users to do what-ever they wa
nt with dates and times in JavaScript
 []

[6]
Underfull \vbox (badness 1496) has occurred while \output is active []

 [7]
[8] <total.pdf, id=38, 1115.16624pt x 172.645pt>
File: total.pdf Graphic file (type pdf)
 <use total.pdf>
Package pdftex.def Info: total.pdf used on input line 382.
(pdftex.def)             Requested size: 446.0586pt x 69.05676pt.

Overfull \hbox (99.0586pt too wide) in paragraph at lines 382--383
 [][] 
 []

<total3.pdf, id=39, 1119.18124pt x 103.38625pt>
File: total3.pdf Graphic file (type pdf)
 <use total3.pdf>
Package pdftex.def Info: total3.pdf used on input line 391.
(pdftex.def)             Requested size: 447.66457pt x 41.35376pt.

Overfull \hbox (100.66457pt too wide) in paragraph at lines 391--392
 [][] 
 []


Underfull \hbox (badness 10000) in paragraph at lines 399--401

 []

[9 <./total.pdf> <./total3.pdf>]
Underfull \hbox (badness 10000) in paragraph at lines 402--403

 []

[10] [11]
Overfull \hbox (147.97855pt too wide) in paragraph at lines 420--437
 [][] 
 []

<Bower_complex-chaining_rboxplot.jpg, id=142, 481.8pt x 481.8pt>
File: Bower_complex-chaining_rboxplot.jpg Graphic file (type jpg)

<use Bower_complex-chaining_rboxplot.jpg>
Package pdftex.def Info: Bower_complex-chaining_rboxplot.jpg used on input line
 443.
(pdftex.def)             Requested size: 113.81102pt x 113.81114pt.

<Chart_complexity_rboxplot.jpg, id=143, 481.8pt x 481.8pt>
File: Chart_complexity_rboxplot.jpg Graphic file (type jpg)

<use Chart_complexity_rboxplot.jpg>
Package pdftex.def Info: Chart_complexity_rboxplot.jpg used on input line 446.
(pdftex.def)             Requested size: 113.81102pt x 113.81114pt.

<Express_max-statements_rboxplot.jpg, id=144, 481.8pt x 481.8pt>
File: Express_max-statements_rboxplot.jpg Graphic file (type jpg)

<use Express_max-statements_rboxplot.jpg>
Package pdftex.def Info: Express_max-statements_rboxplot.jpg used on input line
 449.
(pdftex.def)             Requested size: 113.81102pt x 113.81114pt.

<Jquery_complex-switch-case_rboxplot.jpg, id=145, 481.8pt x 481.8pt>
File: Jquery_complex-switch-case_rboxplot.jpg Graphic file (type jpg)

<use Jquery_complex-switch-case_rboxplot.jpg>
Package pdftex.def Info: Jquery_complex-switch-case_rboxplot.jpg used on input 
line 452.
(pdftex.def)             Requested size: 113.81102pt x 113.81114pt.

<Vue_max-params_rboxplot.jpg, id=146, 481.8pt x 481.8pt>
File: Vue_max-params_rboxplot.jpg Graphic file (type jpg)

<use Vue_max-params_rboxplot.jpg>
Package pdftex.def Info: Vue_max-params_rboxplot.jpg used on input line 455.
(pdftex.def)             Requested size: 113.81102pt x 113.81114pt.

<Ramda_max-len_rboxplot.jpg, id=147, 481.8pt x 481.8pt>
File: Ramda_max-len_rboxplot.jpg Graphic file (type jpg)

<use Ramda_max-len_rboxplot.jpg>
Package pdftex.def Info: Ramda_max-len_rboxplot.jpg used on input line 458.
(pdftex.def)             Requested size: 113.81102pt x 113.81114pt.
 [12]

LaTeX Font Warning: Font shape `OT1/cmr/m/sl' in size <9.5> not available
(Font)              size <9> substituted on input line 481.


Overfull \hbox (0.34451pt too wide) in paragraph at lines 483--485
[]\OT1/cmr/m/n/9.5 Survival mod-els were first in-tro-duced in de-mog-ra-phy an
d ac-tu-ar-ial sci-ences [33].
 []

[13 <./Bower_complex-chaining_rboxplot.jpg> <./Chart_complexity_rboxplot.jpg> <
./Express_max-statements_rboxplot.jpg> <./Jquery_complex-switch-case_rboxplot.j
pg> <./Vue_max-params_rboxplot.jpg> <./Ramda_max-len_rboxplot.jpg>] [14]
Underfull \vbox (badness 1817) has occurred while \output is active []

 [15]
[16]
Overfull \hbox (21.51163pt too wide) in paragraph at lines 595--614
 [][] 
 []

<Express_bugs_smells_line-grain_large_rplot.jpg, id=169, 481.8pt x 481.8pt>
File: Express_bugs_smells_line-grain_large_rplot.jpg Graphic file (type jpg)

<use Express_bugs_smells_line-grain_large_rplot.jpg>
Package pdftex.def Info: Express_bugs_smells_line-grain_large_rplot.jpg used on
 input line 621.
(pdftex.def)             Requested size: 99.58464pt x 99.57831pt.

<Request_bugs_smells_line-grain_large_rplot.jpg, id=170, 481.8pt x 481.8pt>
File: Request_bugs_smells_line-grain_large_rplot.jpg Graphic file (type jpg)

<use Request_bugs_smells_line-grain_large_rplot.jpg>
Package pdftex.def Info: Request_bugs_smells_line-grain_large_rplot.jpg used on
 input line 624.
(pdftex.def)             Requested size: 99.58464pt x 99.57831pt.

<Less_bugs_smells_line-grain_large_rplot.jpg, id=171, 481.8pt x 481.8pt>
File: Less_bugs_smells_line-grain_large_rplot.jpg Graphic file (type jpg)

<use Less_bugs_smells_line-grain_large_rplot.jpg>
Package pdftex.def Info: Less_bugs_smells_line-grain_large_rplot.jpg used on in
put line 627.
(pdftex.def)             Requested size: 99.58464pt x 99.57831pt.

<Grunt_bugs_smells_line-grain_large_rplot.jpg, id=172, 481.8pt x 481.8pt>
File: Grunt_bugs_smells_line-grain_large_rplot.jpg Graphic file (type jpg)

<use Grunt_bugs_smells_line-grain_large_rplot.jpg>
Package pdftex.def Info: Grunt_bugs_smells_line-grain_large_rplot.jpg used on i
nput line 630.
(pdftex.def)             Requested size: 99.58464pt x 99.57831pt.

<Bower_bugs_smells_line-grain_large_rplot.jpg, id=173, 481.8pt x 481.8pt>
File: Bower_bugs_smells_line-grain_large_rplot.jpg Graphic file (type jpg)

<use Bower_bugs_smells_line-grain_large_rplot.jpg>
Package pdftex.def Info: Bower_bugs_smells_line-grain_large_rplot.jpg used on i
nput line 633.
(pdftex.def)             Requested size: 99.58464pt x 99.57831pt.

<Jquery_bugs_smells_line-grain_large_rplot.jpg, id=174, 481.8pt x 481.8pt>
File: Jquery_bugs_smells_line-grain_large_rplot.jpg Graphic file (type jpg)

<use Jquery_bugs_smells_line-grain_large_rplot.jpg>
Package pdftex.def Info: Jquery_bugs_smells_line-grain_large_rplot.jpg used on 
input line 636.
(pdftex.def)             Requested size: 99.58464pt x 99.57831pt.

<Hexo_bugs_smells_line-grain_large_rplot.jpg, id=175, 481.8pt x 481.8pt>
File: Hexo_bugs_smells_line-grain_large_rplot.jpg Graphic file (type jpg)

<use Hexo_bugs_smells_line-grain_large_rplot.jpg>
Package pdftex.def Info: Hexo_bugs_smells_line-grain_large_rplot.jpg used on in
put line 639.
(pdftex.def)             Requested size: 99.58464pt x 99.57831pt.

<Leaflet_bugs_smells_line-grain_large_rplot.jpg, id=176, 481.8pt x 481.8pt>
File: Leaflet_bugs_smells_line-grain_large_rplot.jpg Graphic file (type jpg)

<use Leaflet_bugs_smells_line-grain_large_rplot.jpg>
Package pdftex.def Info: Leaflet_bugs_smells_line-grain_large_rplot.jpg used on
 input line 642.
(pdftex.def)             Requested size: 99.58464pt x 99.57831pt.

<Ramda_bugs_smells_line-grain_large_rplot.jpg, id=177, 481.8pt x 481.8pt>
File: Ramda_bugs_smells_line-grain_large_rplot.jpg Graphic file (type jpg)

<use Ramda_bugs_smells_line-grain_large_rplot.jpg>
Package pdftex.def Info: Ramda_bugs_smells_line-grain_large_rplot.jpg used on i
nput line 645.
(pdftex.def)             Requested size: 99.58464pt x 99.57831pt.

<Chart_bugs_smells_line-grain_large_rplot.jpg, id=178, 481.8pt x 481.8pt>
File: Chart_bugs_smells_line-grain_large_rplot.jpg Graphic file (type jpg)

<use Chart_bugs_smells_line-grain_large_rplot.jpg>
Package pdftex.def Info: Chart_bugs_smells_line-grain_large_rplot.jpg used on i
nput line 648.
(pdftex.def)             Requested size: 99.58464pt x 99.57831pt.

<Riot_bugs_smells_line-grain_large_rplot.jpg, id=179, 481.8pt x 481.8pt>
File: Riot_bugs_smells_line-grain_large_rplot.jpg Graphic file (type jpg)

<use Riot_bugs_smells_line-grain_large_rplot.jpg>
Package pdftex.def Info: Riot_bugs_smells_line-grain_large_rplot.jpg used on in
put line 651.
(pdftex.def)             Requested size: 99.58464pt x 99.57831pt.

<Vue_bugs_smells_line-grain_large_rplot.jpg, id=180, 481.8pt x 481.8pt>
File: Vue_bugs_smells_line-grain_large_rplot.jpg Graphic file (type jpg)

<use Vue_bugs_smells_line-grain_large_rplot.jpg>
Package pdftex.def Info: Vue_bugs_smells_line-grain_large_rplot.jpg used on inp
ut line 654.
(pdftex.def)             Requested size: 99.58464pt x 99.57831pt.

<Moment_bugs_smells_line-grain_large_rplot.jpg, id=181, 481.8pt x 481.8pt>
File: Moment_bugs_smells_line-grain_large_rplot.jpg Graphic file (type jpg)

<use Moment_bugs_smells_line-grain_large_rplot.jpg>
Package pdftex.def Info: Moment_bugs_smells_line-grain_large_rplot.jpg used on 
input line 657.
(pdftex.def)             Requested size: 99.58464pt x 99.57831pt.

<Webpack_bugs_smells_line-grain_large_rplot.jpg, id=182, 481.8pt x 481.8pt>
File: Webpack_bugs_smells_line-grain_large_rplot.jpg Graphic file (type jpg)

<use Webpack_bugs_smells_line-grain_large_rplot.jpg>
Package pdftex.def Info: Webpack_bugs_smells_line-grain_large_rplot.jpg used on
 input line 660.
(pdftex.def)             Requested size: 99.58464pt x 99.57831pt.

<Webtorrent_bugs_smells_line-grain_large_rplot.jpg, id=183, 481.8pt x 481.8pt>
File: Webtorrent_bugs_smells_line-grain_large_rplot.jpg Graphic file (type jpg)


<use Webtorrent_bugs_smells_line-grain_large_rplot.jpg>
Package pdftex.def Info: Webtorrent_bugs_smells_line-grain_large_rplot.jpg used
 on input line 663.
(pdftex.def)             Requested size: 99.58464pt x 99.57831pt.


LaTeX Warning: Float too large for page by 42.77689pt on input line 666.

[17]
Underfull \hbox (badness 10000) in paragraph at lines 737--737
[]|$\OML/cmm/m/it/7 p$\OT1/cmr/m/n/7 -value
 []


Underfull \hbox (badness 10000) in paragraph at lines 737--737
\OT1/cmr/m/n/7 (Cox
 []


Underfull \hbox (badness 10000) in paragraph at lines 737--737
\OT1/cmr/m/n/7 haz-ard
 []


Underfull \hbox (badness 10000) in paragraph at lines 737--737
[]|$\OML/cmm/m/it/7 p$\OT1/cmr/m/n/7 -value
 []


Underfull \hbox (badness 10000) in paragraph at lines 737--737
\OT1/cmr/m/n/7 (Pro-por-
 []


Underfull \hbox (badness 10000) in paragraph at lines 737--737
\OT1/cmr/m/n/7 tional
 []


Underfull \hbox (badness 10000) in paragraph at lines 737--737
\OT1/cmr/m/n/7 haz-ards
 []


Underfull \hbox (badness 10000) in paragraph at lines 737--737
\OT1/cmr/m/n/7 as-sump-
 []


Underfull \hbox (badness 10000) in paragraph at lines 804--804
[]|\OT1/cmr/m/n/7 4.648e-
 []


LaTeX Warning: Float too large for page by 117.43524pt on input line 831.


Underfull \hbox (badness 10000) in paragraph at lines 839--839
[]|$\OML/cmm/m/it/7 p$\OT1/cmr/m/n/7 -value
 []


Underfull \hbox (badness 10000) in paragraph at lines 839--839
\OT1/cmr/m/n/7 (Cox
 []


Underfull \hbox (badness 10000) in paragraph at lines 839--839
\OT1/cmr/m/n/7 haz-ard
 []


Underfull \hbox (badness 10000) in paragraph at lines 839--839
[]|$\OML/cmm/m/it/7 p$\OT1/cmr/m/n/7 -value
 []


Underfull \hbox (badness 10000) in paragraph at lines 839--839
\OT1/cmr/m/n/7 (Pro-por-
 []


Underfull \hbox (badness 10000) in paragraph at lines 839--839
\OT1/cmr/m/n/7 tional
 []


Underfull \hbox (badness 10000) in paragraph at lines 839--839
\OT1/cmr/m/n/7 haz-ards
 []


Underfull \hbox (badness 10000) in paragraph at lines 839--839
\OT1/cmr/m/n/7 as-sump-
 []


Underfull \hbox (badness 10000) in paragraph at lines 845--845
[]|\OT1/cmr/m/n/7 4.857e-
 []


Underfull \hbox (badness 10000) in paragraph at lines 857--857
[]|\OT1/cmr/m/n/7 7.421e-
 []


Underfull \hbox (badness 10000) in paragraph at lines 888--888
[]|\OT1/cmr/m/n/7 8.948e-
 []


Underfull \hbox (badness 10000) in paragraph at lines 918--918
[]|\OT1/cmr/m/n/7 9.775e-
 []


LaTeX Warning: Float too large for page by 157.43524pt on input line 935.

[18] [19] <Bower_Commit_Scaleno-reassign_rplot.jpg, id=194, 481.8pt x 481.8pt>
File: Bower_Commit_Scaleno-reassign_rplot.jpg Graphic file (type jpg)

<use Bower_Commit_Scaleno-reassign_rplot.jpg>
Package pdftex.def Info: Bower_Commit_Scaleno-reassign_rplot.jpg used on input 
line 1066.
(pdftex.def)             Requested size: 113.81102pt x 113.81114pt.

<Bower_Commit_Scalecomplex-chaining_rplot.jpg, id=195, 481.8pt x 481.8pt>
File: Bower_Commit_Scalecomplex-chaining_rplot.jpg Graphic file (type jpg)

<use Bower_Commit_Scalecomplex-chaining_rplot.jpg>
Package pdftex.def Info: Bower_Commit_Scalecomplex-chaining_rplot.jpg used on i
nput line 1069.
(pdftex.def)             Requested size: 113.81102pt x 113.81114pt.

<Bower_Commit_Scalemax-len_rplot.jpg, id=196, 481.8pt x 481.8pt>
File: Bower_Commit_Scalemax-len_rplot.jpg Graphic file (type jpg)

<use Bower_Commit_Scalemax-len_rplot.jpg>
Package pdftex.def Info: Bower_Commit_Scalemax-len_rplot.jpg used on input line
 1072.
(pdftex.def)             Requested size: 113.81102pt x 113.81114pt.

<Bower_Commit_Scalemax-nested-callbacks_rplot.jpg, id=197, 481.8pt x 481.8pt>
File: Bower_Commit_Scalemax-nested-callbacks_rplot.jpg Graphic file (type jpg)

<use Bower_Commit_Scalemax-nested-callbacks_rplot.jpg>
Package pdftex.def Info: Bower_Commit_Scalemax-nested-callbacks_rplot.jpg used 
on input line 1075.
(pdftex.def)             Requested size: 113.81102pt x 113.81114pt.

<Express_no-reassign_rplot.jpg, id=198, 481.8pt x 481.8pt>
File: Express_no-reassign_rplot.jpg Graphic file (type jpg)

<use Express_no-reassign_rplot.jpg>
Package pdftex.def Info: Express_no-reassign_rplot.jpg used on input line 1084.

(pdftex.def)             Requested size: 113.81102pt x 113.81114pt.

<Express_max-nested-callbacks_rplot.jpg, id=199, 481.8pt x 481.8pt>
File: Express_max-nested-callbacks_rplot.jpg Graphic file (type jpg)

<use Express_max-nested-callbacks_rplot.jpg>
Package pdftex.def Info: Express_max-nested-callbacks_rplot.jpg used on input l
ine 1087.
(pdftex.def)             Requested size: 113.81102pt x 113.81114pt.

<Express_complexity_rplot.jpg, id=200, 481.8pt x 481.8pt>
File: Express_complexity_rplot.jpg Graphic file (type jpg)

<use Express_complexity_rplot.jpg>
Package pdftex.def Info: Express_complexity_rplot.jpg used on input line 1090.
(pdftex.def)             Requested size: 113.81102pt x 113.81114pt.

<Express_max-statements_rplot.jpg, id=201, 481.8pt x 481.8pt>
File: Express_max-statements_rplot.jpg Graphic file (type jpg)

<use Express_max-statements_rplot.jpg>
Package pdftex.def Info: Express_max-statements_rplot.jpg used on input line 10
93.
(pdftex.def)             Requested size: 113.81102pt x 113.81114pt.

<Grunt_no-reassign_rplot.jpg, id=202, 481.8pt x 481.8pt>
File: Grunt_no-reassign_rplot.jpg Graphic file (type jpg)

<use Grunt_no-reassign_rplot.jpg>
Package pdftex.def Info: Grunt_no-reassign_rplot.jpg used on input line 1102.
(pdftex.def)             Requested size: 113.81102pt x 113.81114pt.

<Grunt_max-len_rplot.jpg, id=203, 481.8pt x 481.8pt>
File: Grunt_max-len_rplot.jpg Graphic file (type jpg)

<use Grunt_max-len_rplot.jpg>
Package pdftex.def Info: Grunt_max-len_rplot.jpg used on input line 1105.
(pdftex.def)             Requested size: 113.81102pt x 113.81114pt.

<Grunt_complexity_rplot.jpg, id=204, 481.8pt x 481.8pt>
File: Grunt_complexity_rplot.jpg Graphic file (type jpg)

<use Grunt_complexity_rplot.jpg>
Package pdftex.def Info: Grunt_complexity_rplot.jpg used on input line 1108.
(pdftex.def)             Requested size: 113.81102pt x 113.81114pt.

<Grunt_max-statements_rplot.jpg, id=205, 481.8pt x 481.8pt>
File: Grunt_max-statements_rplot.jpg Graphic file (type jpg)

<use Grunt_max-statements_rplot.jpg>
Package pdftex.def Info: Grunt_max-statements_rplot.jpg used on input line 1111
.
(pdftex.def)             Requested size: 113.81102pt x 113.81114pt.

<Bower_no-reassign_rplot.jpg, id=206, 481.8pt x 481.8pt>
File: Bower_no-reassign_rplot.jpg Graphic file (type jpg)

<use Bower_no-reassign_rplot.jpg>
Package pdftex.def Info: Bower_no-reassign_rplot.jpg used on input line 1120.
(pdftex.def)             Requested size: 113.81102pt x 113.81114pt.

<Bower_complex-chaining_rplot.jpg, id=207, 481.8pt x 481.8pt>
File: Bower_complex-chaining_rplot.jpg Graphic file (type jpg)

<use Bower_complex-chaining_rplot.jpg>
Package pdftex.def Info: Bower_complex-chaining_rplot.jpg used on input line 11
23.
(pdftex.def)             Requested size: 113.81102pt x 113.81114pt.

<Bower_max-len_rplot.jpg, id=208, 481.8pt x 481.8pt>
File: Bower_max-len_rplot.jpg Graphic file (type jpg)

<use Bower_max-len_rplot.jpg>
Package pdftex.def Info: Bower_max-len_rplot.jpg used on input line 1126.
(pdftex.def)             Requested size: 113.81102pt x 113.81114pt.

<Bower_max-nested-callbacks_rplot.jpg, id=209, 481.8pt x 481.8pt>
File: Bower_max-nested-callbacks_rplot.jpg Graphic file (type jpg)

<use Bower_max-nested-callbacks_rplot.jpg>
Package pdftex.def Info: Bower_max-nested-callbacks_rplot.jpg used on input lin
e 1129.
(pdftex.def)             Requested size: 113.81102pt x 113.81114pt.

<Less_no-reassign_rplot.jpg, id=210, 481.8pt x 481.8pt>
File: Less_no-reassign_rplot.jpg Graphic file (type jpg)

<use Less_no-reassign_rplot.jpg>
Package pdftex.def Info: Less_no-reassign_rplot.jpg used on input line 1138.
(pdftex.def)             Requested size: 113.81102pt x 113.81114pt.

<Less_max-nested-callbacks_rplot.jpg, id=211, 481.8pt x 481.8pt>
File: Less_max-nested-callbacks_rplot.jpg Graphic file (type jpg)

<use Less_max-nested-callbacks_rplot.jpg>
Package pdftex.def Info: Less_max-nested-callbacks_rplot.jpg used on input line
 1141.
(pdftex.def)             Requested size: 113.81102pt x 113.81114pt.

<Less_complexity_rplot.jpg, id=212, 481.8pt x 481.8pt>
File: Less_complexity_rplot.jpg Graphic file (type jpg)

<use Less_complexity_rplot.jpg>
Package pdftex.def Info: Less_complexity_rplot.jpg used on input line 1144.
(pdftex.def)             Requested size: 113.81102pt x 113.81114pt.

<Less_max-statements_rplot.jpg, id=213, 481.8pt x 481.8pt>
File: Less_max-statements_rplot.jpg Graphic file (type jpg)

<use Less_max-statements_rplot.jpg>
Package pdftex.def Info: Less_max-statements_rplot.jpg used on input line 1147.

(pdftex.def)             Requested size: 113.81102pt x 113.81114pt.

<Request_no-reassign_rplot.jpg, id=214, 481.8pt x 481.8pt>
File: Request_no-reassign_rplot.jpg Graphic file (type jpg)

<use Request_no-reassign_rplot.jpg>
Package pdftex.def Info: Request_no-reassign_rplot.jpg used on input line 1156.

(pdftex.def)             Requested size: 113.81102pt x 113.81114pt.

<Request_this-assign_rplot.jpg, id=215, 481.8pt x 481.8pt>
File: Request_this-assign_rplot.jpg Graphic file (type jpg)

<use Request_this-assign_rplot.jpg>
Package pdftex.def Info: Request_this-assign_rplot.jpg used on input line 1159.

(pdftex.def)             Requested size: 113.81102pt x 113.81114pt.

<Request_complex-chaining_rplot.jpg, id=216, 481.8pt x 481.8pt>
File: Request_complex-chaining_rplot.jpg Graphic file (type jpg)

<use Request_complex-chaining_rplot.jpg>
Package pdftex.def Info: Request_complex-chaining_rplot.jpg used on input line 
1162.
(pdftex.def)             Requested size: 113.81102pt x 113.81114pt.

<Request_max-nested-callbacks_rplot.jpg, id=217, 481.8pt x 481.8pt>
File: Request_max-nested-callbacks_rplot.jpg Graphic file (type jpg)

<use Request_max-nested-callbacks_rplot.jpg>
Package pdftex.def Info: Request_max-nested-callbacks_rplot.jpg used on input l
ine 1165.
(pdftex.def)             Requested size: 113.81102pt x 113.81114pt.

<Jquery_no-reassign_rplot.jpg, id=218, 481.8pt x 481.8pt>
File: Jquery_no-reassign_rplot.jpg Graphic file (type jpg)

<use Jquery_no-reassign_rplot.jpg>
Package pdftex.def Info: Jquery_no-reassign_rplot.jpg used on input line 1174.
(pdftex.def)             Requested size: 113.81102pt x 113.81114pt.

<Jquery_complex-switch-case_rplot.jpg, id=219, 481.8pt x 481.8pt>
File: Jquery_complex-switch-case_rplot.jpg Graphic file (type jpg)

<use Jquery_complex-switch-case_rplot.jpg>
Package pdftex.def Info: Jquery_complex-switch-case_rplot.jpg used on input lin
e 1177.
(pdftex.def)             Requested size: 113.81102pt x 113.81114pt.

<Jquery_this-assign_rplot.jpg, id=220, 481.8pt x 481.8pt>
File: Jquery_this-assign_rplot.jpg Graphic file (type jpg)

<use Jquery_this-assign_rplot.jpg>
Package pdftex.def Info: Jquery_this-assign_rplot.jpg used on input line 1180.
(pdftex.def)             Requested size: 113.81102pt x 113.81114pt.

<Jquery_complex-chaining_rplot.jpg, id=221, 481.8pt x 481.8pt>
File: Jquery_complex-chaining_rplot.jpg Graphic file (type jpg)

<use Jquery_complex-chaining_rplot.jpg>
Package pdftex.def Info: Jquery_complex-chaining_rplot.jpg used on input line 1
183.
(pdftex.def)             Requested size: 113.81102pt x 113.81114pt.

<Hexo_no-reassign_rplot.jpg, id=222, 481.8pt x 481.8pt>
File: Hexo_no-reassign_rplot.jpg Graphic file (type jpg)

<use Hexo_no-reassign_rplot.jpg>
Package pdftex.def Info: Hexo_no-reassign_rplot.jpg used on input line 1192.
(pdftex.def)             Requested size: 113.81102pt x 113.81114pt.

<Hexo_max-len_rplot.jpg, id=223, 481.8pt x 481.8pt>
File: Hexo_max-len_rplot.jpg Graphic file (type jpg)

<use Hexo_max-len_rplot.jpg>
Package pdftex.def Info: Hexo_max-len_rplot.jpg used on input line 1195.
(pdftex.def)             Requested size: 113.81102pt x 113.81114pt.

<Hexo_max-params_rplot.jpg, id=224, 481.8pt x 481.8pt>
File: Hexo_max-params_rplot.jpg Graphic file (type jpg)

<use Hexo_max-params_rplot.jpg>
Package pdftex.def Info: Hexo_max-params_rplot.jpg used on input line 1198.
(pdftex.def)             Requested size: 113.81102pt x 113.81114pt.

<Hexo_complexity_rplot.jpg, id=225, 481.8pt x 481.8pt>
File: Hexo_complexity_rplot.jpg Graphic file (type jpg)

<use Hexo_complexity_rplot.jpg>
Package pdftex.def Info: Hexo_complexity_rplot.jpg used on input line 1201.
(pdftex.def)             Requested size: 113.81102pt x 113.81114pt.

<Leaflet_no-reassign_rplot.jpg, id=226, 481.8pt x 481.8pt>
File: Leaflet_no-reassign_rplot.jpg Graphic file (type jpg)

<use Leaflet_no-reassign_rplot.jpg>
Package pdftex.def Info: Leaflet_no-reassign_rplot.jpg used on input line 1210.

(pdftex.def)             Requested size: 113.81102pt x 113.81114pt.

<Leaflet_max-len_rplot.jpg, id=227, 481.8pt x 481.8pt>
File: Leaflet_max-len_rplot.jpg Graphic file (type jpg)

<use Leaflet_max-len_rplot.jpg>
Package pdftex.def Info: Leaflet_max-len_rplot.jpg used on input line 1213.
(pdftex.def)             Requested size: 113.81102pt x 113.81114pt.

<Leaflet_max-nested-callbacks_rplot.jpg, id=228, 481.8pt x 481.8pt>
File: Leaflet_max-nested-callbacks_rplot.jpg Graphic file (type jpg)

<use Leaflet_max-nested-callbacks_rplot.jpg>
Package pdftex.def Info: Leaflet_max-nested-callbacks_rplot.jpg used on input l
ine 1216.
(pdftex.def)             Requested size: 113.81102pt x 113.81114pt.

<Leaflet_max-statements_rplot.jpg, id=229, 481.8pt x 481.8pt>
File: Leaflet_max-statements_rplot.jpg Graphic file (type jpg)

<use Leaflet_max-statements_rplot.jpg>
Package pdftex.def Info: Leaflet_max-statements_rplot.jpg used on input line 12
19.
(pdftex.def)             Requested size: 113.81102pt x 113.81114pt.

<Ramda_no-reassign_rplot.jpg, id=230, 481.8pt x 481.8pt>
File: Ramda_no-reassign_rplot.jpg Graphic file (type jpg)

<use Ramda_no-reassign_rplot.jpg>
Package pdftex.def Info: Ramda_no-reassign_rplot.jpg used on input line 1228.
(pdftex.def)             Requested size: 113.81102pt x 113.81114pt.

<Ramda_complex-chaining_rplot.jpg, id=231, 481.8pt x 481.8pt>
File: Ramda_complex-chaining_rplot.jpg Graphic file (type jpg)

<use Ramda_complex-chaining_rplot.jpg>
Package pdftex.def Info: Ramda_complex-chaining_rplot.jpg used on input line 12
31.
(pdftex.def)             Requested size: 113.81102pt x 113.81114pt.

<Ramda_max-params_rplot.jpg, id=232, 481.8pt x 481.8pt>
File: Ramda_max-params_rplot.jpg Graphic file (type jpg)

<use Ramda_max-params_rplot.jpg>
Package pdftex.def Info: Ramda_max-params_rplot.jpg used on input line 1234.
(pdftex.def)             Requested size: 113.81102pt x 113.81114pt.

<Ramda_complexity_rplot.jpg, id=233, 481.8pt x 481.8pt>
File: Ramda_complexity_rplot.jpg Graphic file (type jpg)

<use Ramda_complexity_rplot.jpg>
Package pdftex.def Info: Ramda_complexity_rplot.jpg used on input line 1237.
(pdftex.def)             Requested size: 113.81102pt x 113.81114pt.

<Chart_no-reassign_rplot.jpg, id=234, 481.8pt x 481.8pt>
File: Chart_no-reassign_rplot.jpg Graphic file (type jpg)

<use Chart_no-reassign_rplot.jpg>
Package pdftex.def Info: Chart_no-reassign_rplot.jpg used on input line 1246.
(pdftex.def)             Requested size: 113.81102pt x 113.81114pt.

<Chart_this-assign_rplot.jpg, id=235, 481.8pt x 481.8pt>
File: Chart_this-assign_rplot.jpg Graphic file (type jpg)

<use Chart_this-assign_rplot.jpg>
Package pdftex.def Info: Chart_this-assign_rplot.jpg used on input line 1249.
(pdftex.def)             Requested size: 113.81102pt x 113.81114pt.

<Chart_max-len_rplot.jpg, id=236, 481.8pt x 481.8pt>
File: Chart_max-len_rplot.jpg Graphic file (type jpg)

<use Chart_max-len_rplot.jpg>
Package pdftex.def Info: Chart_max-len_rplot.jpg used on input line 1252.
(pdftex.def)             Requested size: 113.81102pt x 113.81114pt.

<Chart_complex-switch-case_rplot.jpg, id=237, 481.8pt x 481.8pt>
File: Chart_complex-switch-case_rplot.jpg Graphic file (type jpg)

<use Chart_complex-switch-case_rplot.jpg>
Package pdftex.def Info: Chart_complex-switch-case_rplot.jpg used on input line
 1255.
(pdftex.def)             Requested size: 113.81102pt x 113.81114pt.

<Riot_no-reassign_rplot.jpg, id=238, 481.8pt x 481.8pt>
File: Riot_no-reassign_rplot.jpg Graphic file (type jpg)

<use Riot_no-reassign_rplot.jpg>
Package pdftex.def Info: Riot_no-reassign_rplot.jpg used on input line 1264.
(pdftex.def)             Requested size: 113.81102pt x 113.81114pt.

<Riot_max-len_rplot.jpg, id=239, 481.8pt x 481.8pt>
File: Riot_max-len_rplot.jpg Graphic file (type jpg)

<use Riot_max-len_rplot.jpg>
Package pdftex.def Info: Riot_max-len_rplot.jpg used on input line 1267.
(pdftex.def)             Requested size: 113.81102pt x 113.81114pt.

<Riot_this-assign_rplot.jpg, id=240, 481.8pt x 481.8pt>
File: Riot_this-assign_rplot.jpg Graphic file (type jpg)

<use Riot_this-assign_rplot.jpg>
Package pdftex.def Info: Riot_this-assign_rplot.jpg used on input line 1270.
(pdftex.def)             Requested size: 113.81102pt x 113.81114pt.

<Riot_cond-assign_rplot.jpg, id=241, 481.8pt x 481.8pt>
File: Riot_cond-assign_rplot.jpg Graphic file (type jpg)

<use Riot_cond-assign_rplot.jpg>
Package pdftex.def Info: Riot_cond-assign_rplot.jpg used on input line 1273.
(pdftex.def)             Requested size: 113.81102pt x 113.81114pt.

<Vue_no-reassign_rplot.jpg, id=242, 481.8pt x 481.8pt>
File: Vue_no-reassign_rplot.jpg Graphic file (type jpg)

<use Vue_no-reassign_rplot.jpg>
Package pdftex.def Info: Vue_no-reassign_rplot.jpg used on input line 1282.
(pdftex.def)             Requested size: 113.81102pt x 113.81114pt.

<Vue_max-len_rplot.jpg, id=243, 481.8pt x 481.8pt>
File: Vue_max-len_rplot.jpg Graphic file (type jpg)
 <use Vue_max-len_rplot.jpg>
Package pdftex.def Info: Vue_max-len_rplot.jpg used on input line 1285.
(pdftex.def)             Requested size: 113.81102pt x 113.81114pt.

<Vue_complexity_rplot.jpg, id=244, 481.8pt x 481.8pt>
File: Vue_complexity_rplot.jpg Graphic file (type jpg)

<use Vue_complexity_rplot.jpg>
Package pdftex.def Info: Vue_complexity_rplot.jpg used on input line 1288.
(pdftex.def)             Requested size: 113.81102pt x 113.81114pt.

<Vue_max-statements_rplot.jpg, id=245, 481.8pt x 481.8pt>
File: Vue_max-statements_rplot.jpg Graphic file (type jpg)

<use Vue_max-statements_rplot.jpg>
Package pdftex.def Info: Vue_max-statements_rplot.jpg used on input line 1291.
(pdftex.def)             Requested size: 113.81102pt x 113.81114pt.

<Moment_no-reassign_rplot.jpg, id=246, 481.8pt x 481.8pt>
File: Moment_no-reassign_rplot.jpg Graphic file (type jpg)

<use Moment_no-reassign_rplot.jpg>
Package pdftex.def Info: Moment_no-reassign_rplot.jpg used on input line 1300.
(pdftex.def)             Requested size: 113.81102pt x 113.81114pt.

<Moment_max-nested-callbacks_rplot.jpg, id=247, 481.8pt x 481.8pt>
File: Moment_max-nested-callbacks_rplot.jpg Graphic file (type jpg)

<use Moment_max-nested-callbacks_rplot.jpg>
Package pdftex.def Info: Moment_max-nested-callbacks_rplot.jpg used on input li
ne 1303.
(pdftex.def)             Requested size: 113.81102pt x 113.81114pt.

<Moment_complex-switch-case_rplot.jpg, id=248, 481.8pt x 481.8pt>
File: Moment_complex-switch-case_rplot.jpg Graphic file (type jpg)

<use Moment_complex-switch-case_rplot.jpg>
Package pdftex.def Info: Moment_complex-switch-case_rplot.jpg used on input lin
e 1306.
(pdftex.def)             Requested size: 113.81102pt x 113.81114pt.

<Moment_complex-chaining_rplot.jpg, id=249, 481.8pt x 481.8pt>
File: Moment_complex-chaining_rplot.jpg Graphic file (type jpg)

<use Moment_complex-chaining_rplot.jpg>
Package pdftex.def Info: Moment_complex-chaining_rplot.jpg used on input line 1
309.
(pdftex.def)             Requested size: 113.81102pt x 113.81114pt.
 [20] [21 <./Express_bugs_smells_line-grain_large_rplot.jpg> <./Request_bugs_sm
ells_line-grain_large_rplot.jpg> <./Less_bugs_smells_line-grain_large_rplot.jpg
> <./Grunt_bugs_smells_line-grain_large_rplot.jpg> <./Bower_bugs_smells_line-gr
ain_large_rplot.jpg> <./Jquery_bugs_smells_line-grain_large_rplot.jpg> <./Hexo_
bugs_smells_line-grain_large_rplot.jpg> <./Leaflet_bugs_smells_line-grain_large
_rplot.jpg> <./Ramda_bugs_smells_line-grain_large_rplot.jpg> <./Chart_bugs_smel
ls_line-grain_large_rplot.jpg> <./Riot_bugs_smells_line-grain_large_rplot.jpg> 
<./Vue_bugs_smells_line-grain_large_rplot.jpg> <./Moment_bugs_smells_line-grain
_large_rplot.jpg> <./Webpack_bugs_smells_line-grain_large_rplot.jpg> <./Webtorr
ent_bugs_smells_line-grain_large_rplot.jpg>] [22] [23] [24] [25 <./Bower_Commit
_Scaleno-reassign_rplot.jpg> <./Bower_Commit_Scalecomplex-chaining_rplot.jpg> <
./Bower_Commit_Scalemax-len_rplot.jpg> <./Bower_Commit_Scalemax-nested-callback
s_rplot.jpg> <./Express_no-reassign_rplot.jpg> <./Express_max-nested-callbacks_
rplot.jpg> <./Express_complexity_rplot.jpg> <./Express_max-statements_rplot.jpg
>] [26 <./Grunt_no-reassign_rplot.jpg> <./Grunt_max-len_rplot.jpg> <./Grunt_com
plexity_rplot.jpg> <./Grunt_max-statements_rplot.jpg> <./Bower_no-reassign_rplo
t.jpg> <./Bower_complex-chaining_rplot.jpg> <./Bower_max-len_rplot.jpg> <./Bowe
r_max-nested-callbacks_rplot.jpg>]
[27 <./Less_no-reassign_rplot.jpg> <./Less_max-nested-callbacks_rplot.jpg> <./L
ess_complexity_rplot.jpg> <./Less_max-statements_rplot.jpg> <./Request_no-reass
ign_rplot.jpg> <./Request_this-assign_rplot.jpg> <./Request_complex-chaining_rp
lot.jpg> <./Request_max-nested-callbacks_rplot.jpg>] [28 <./Jquery_no-reassign_
rplot.jpg> <./Jquery_complex-switch-case_rplot.jpg> <./Jquery_this-assign_rplot
.jpg> <./Jquery_complex-chaining_rplot.jpg> <./Hexo_no-reassign_rplot.jpg> <./H
exo_max-len_rplot.jpg> <./Hexo_max-params_rplot.jpg> <./Hexo_complexity_rplot.j
pg>] [29 <./Leaflet_no-reassign_rplot.jpg> <./Leaflet_max-len_rplot.jpg> <./Lea
flet_max-nested-callbacks_rplot.jpg> <./Leaflet_max-statements_rplot.jpg> <./Ra
mda_no-reassign_rplot.jpg> <./Ramda_complex-chaining_rplot.jpg> <./Ramda_max-pa
rams_rplot.jpg> <./Ramda_complexity_rplot.jpg>] [30 <./Chart_no-reassign_rplot.
jpg> <./Chart_this-assign_rplot.jpg> <./Chart_max-len_rplot.jpg> <./Chart_compl
ex-switch-case_rplot.jpg>] [31 <./Riot_no-reassign_rplot.jpg> <./Riot_max-len_r
plot.jpg> <./Riot_this-assign_rplot.jpg> <./Riot_cond-assign_rplot.jpg>]
[32 <./Vue_no-reassign_rplot.jpg> <./Vue_max-len_rplot.jpg> <./Vue_complexity_r
plot.jpg> <./Vue_max-statements_rplot.jpg> <./Moment_no-reassign_rplot.jpg> <./
Moment_max-nested-callbacks_rplot.jpg> <./Moment_complex-switch-case_rplot.jpg>
 <./Moment_complex-chaining_rplot.jpg>]
<Webpack_no-reassign_rplot.jpg, id=292, 481.8pt x 481.8pt>
File: Webpack_no-reassign_rplot.jpg Graphic file (type jpg)

<use Webpack_no-reassign_rplot.jpg>
Package pdftex.def Info: Webpack_no-reassign_rplot.jpg used on input line 1320.

(pdftex.def)             Requested size: 113.81102pt x 113.81114pt.

<Webpack_max-nested-callbacks_rplot.jpg, id=293, 481.8pt x 481.8pt>
File: Webpack_max-nested-callbacks_rplot.jpg Graphic file (type jpg)

<use Webpack_max-nested-callbacks_rplot.jpg>
Package pdftex.def Info: Webpack_max-nested-callbacks_rplot.jpg used on input l
ine 1323.
(pdftex.def)             Requested size: 113.81102pt x 113.81114pt.

<Webpack_complex-chaining_rplot.jpg, id=294, 481.8pt x 481.8pt>
File: Webpack_complex-chaining_rplot.jpg Graphic file (type jpg)

<use Webpack_complex-chaining_rplot.jpg>
Package pdftex.def Info: Webpack_complex-chaining_rplot.jpg used on input line 
1326.
(pdftex.def)             Requested size: 113.81102pt x 113.81114pt.

<Webpack_max-len_rplot.jpg, id=295, 481.8pt x 481.8pt>
File: Webpack_max-len_rplot.jpg Graphic file (type jpg)

<use Webpack_max-len_rplot.jpg>
Package pdftex.def Info: Webpack_max-len_rplot.jpg used on input line 1329.
(pdftex.def)             Requested size: 113.81102pt x 113.81114pt.

<Webtorrent_no-reassign_rplot.jpg, id=296, 481.8pt x 481.8pt>
File: Webtorrent_no-reassign_rplot.jpg Graphic file (type jpg)

<use Webtorrent_no-reassign_rplot.jpg>
Package pdftex.def Info: Webtorrent_no-reassign_rplot.jpg used on input line 13
38.
(pdftex.def)             Requested size: 113.81102pt x 113.81114pt.

<Webtorrent_this-assign_rplot.jpg, id=297, 481.8pt x 481.8pt>
File: Webtorrent_this-assign_rplot.jpg Graphic file (type jpg)

<use Webtorrent_this-assign_rplot.jpg>
Package pdftex.def Info: Webtorrent_this-assign_rplot.jpg used on input line 13
41.
(pdftex.def)             Requested size: 113.81102pt x 113.81114pt.

<Webtorrent_max-nested-callbacks_rplot.jpg, id=298, 481.8pt x 481.8pt>
File: Webtorrent_max-nested-callbacks_rplot.jpg Graphic file (type jpg)

<use Webtorrent_max-nested-callbacks_rplot.jpg>
Package pdftex.def Info: Webtorrent_max-nested-callbacks_rplot.jpg used on inpu
t line 1344.
(pdftex.def)             Requested size: 113.81102pt x 113.81114pt.

<Webtorrent_complex-chaining_rplot.jpg, id=299, 481.8pt x 481.8pt>
File: Webtorrent_complex-chaining_rplot.jpg Graphic file (type jpg)

<use Webtorrent_complex-chaining_rplot.jpg>
Package pdftex.def Info: Webtorrent_complex-chaining_rplot.jpg used on input li
ne 1347.
(pdftex.def)             Requested size: 113.81102pt x 113.81114pt.
 [33

 <./Webpack_no-reassign_rplot.jpg> <./Webpack_max-nested-callbacks_rplot.jpg> <
./Webpack_complex-chaining_rplot.jpg> <./Webpack_max-len_rplot.jpg>]
Underfull \vbox (badness 5787) has occurred while \output is active []

 [34 <./Webtorrent_no-reassign_rplot.jpg> <./Webtorrent_this-assign_rplot.jpg> 
<./Webtorrent_max-nested-callbacks_rplot.jpg> <./Webtorrent_complex-chaining_rp
lot.jpg>]
Underfull \vbox (badness 1460) has occurred while \output is active []

 [35]
[36] [37] (./paperSQJ.bbl [38] [39]
Missing character: There is no  in font cmr8!
Missing character: There is no  in font cmr8!
Missing character: There is no  in font cmr8!
Missing character: There is no  in font cmr8!
) [40] (./paperSQJ.aux)

LaTeX Font Warning: Size substitutions with differences
(Font)              up to 1.0pt have occurred.

 ) 
Here is how much of TeX's memory you used:
 8550 strings out of 493089
 133787 string characters out of 6134842
 372338 words of memory out of 5000000
 11751 multiletter control sequences out of 15000+600000
 14376 words of font info for 53 fonts, out of 8000000 for 9000
 1144 hyphenation exceptions out of 8191
 44i,12n,75p,3817b,439s stack positions out of 5000i,500n,10000p,200000b,80000s
{/usr/local/texlive/2015/texmf-dist/fonts/enc/dvips/inconsolata/i4-ot1-0.enc}
</usr/local/texlive/2015/texmf-dist/fonts/type1/public/inconsolata/Inconsolata-
zi4r.pfb></usr/local/texlive/2015/texmf-dist/fonts/type1/public/amsfonts/cmextr
a/cmbsy9.pfb></usr/local/texlive/2015/texmf-dist/fonts/type1/public/amsfonts/cm
/cmbx12.pfb></usr/local/texlive/2015/texmf-dist/fonts/type1/public/amsfonts/cm/
cmbx8.pfb></usr/local/texlive/2015/texmf-dist/fonts/type1/public/amsfonts/cm/cm
bx9.pfb></usr/local/texlive/2015/texmf-dist/fonts/type1/public/amsfonts/cm/cmmi
5.pfb></usr/local/texlive/2015/texmf-dist/fonts/type1/public/amsfonts/cm/cmmi7.
pfb></usr/local/texlive/2015/texmf-dist/fonts/type1/public/amsfonts/cm/cmmi9.pf
b></usr/local/texlive/2015/texmf-dist/fonts/type1/public/amsfonts/cm/cmr6.pfb><
/usr/local/texlive/2015/texmf-dist/fonts/type1/public/amsfonts/cm/cmr7.pfb></us
r/local/texlive/2015/texmf-dist/fonts/type1/public/amsfonts/cm/cmr8.pfb></usr/l
ocal/texlive/2015/texmf-dist/fonts/type1/public/amsfonts/cm/cmr9.pfb></usr/loca
l/texlive/2015/texmf-dist/fonts/type1/public/amsfonts/cm/cmsl9.pfb></usr/local/
texlive/2015/texmf-dist/fonts/type1/public/amsfonts/cm/cmsy7.pfb></usr/local/te
xlive/2015/texmf-dist/fonts/type1/public/amsfonts/cm/cmsy9.pfb></usr/local/texl
ive/2015/texmf-dist/fonts/type1/public/amsfonts/cm/cmti8.pfb></usr/local/texliv
e/2015/texmf-dist/fonts/type1/public/amsfonts/cm/cmti9.pfb>
Output written on paperSQJ.pdf (40 pages, 2100761 bytes).
PDF statistics:
 383 PDF objects out of 1000 (max. 8388607)
 193 compressed objects within 2 object streams
 0 named destinations out of 1000 (max. 500000)
 436 words of extra memory for PDF output out of 10000 (max. 10000000)

